<?xml version="1.0" encoding="UTF-8"?>
<testsuite xmlns:xsi="http://www.w3.org/2001/XMLSchema-instance" xsi:schemaLocation="https://maven.apache.org/surefire/maven-surefire-plugin/xsd/surefire-test-report.xsd" name="com.example.demo.controllers.OrderControllerTest" time="0.04" tests="4" errors="0" skipped="0" failures="0">
  <properties>
[...]
</properties>
  <testcase name="getOrdersTest" classname="com.example.demo.controllers.OrderControllerTest" time="0.03"/>
  <testcase name="getOrdersForInvalidUserTest" classname="com.example.demo.controllers.OrderControllerTest" time="0.004"/>
  <testcase name="submitInvalidOrderTest" classname="com.example.demo.controllers.OrderControllerTest" time="0.003"/>
  <testcase name="submitOrderTest" classname="com.example.demo.controllers.OrderControllerTest" time="0.003"/>
</testsuite>